{"C:\\Users\\Ali\\Desktop\\artm\\backend\\src\\app.ts": {"path":"C:\\Users\\Ali\\Desktop\\artm\\backend\\src\\app.ts","statementMap":{"0":{"start":{"line":14,"column":0},"end":{"line":14,"column":16}},"1":{"start":{"line":16,"column":12},"end":{"line":16,"column":21}},"2":{"start":{"line":17,"column":13},"end":{"line":17,"column":37}},"3":{"start":{"line":20,"column":0},"end":{"line":20,"column":18}},"4":{"start":{"line":21,"column":0},"end":{"line":21,"column":16}},"5":{"start":{"line":22,"column":0},"end":{"line":22,"column":24}},"6":{"start":{"line":25,"column":0},"end":{"line":31,"column":3}},"7":{"start":{"line":26,"column":2},"end":{"line":30,"column":5}},"8":{"start":{"line":34,"column":0},"end":{"line":34,"column":33}},"9":{"start":{"line":35,"column":0},"end":{"line":35,"column":46}},"10":{"start":{"line":36,"column":0},"end":{"line":36,"column":42}},"11":{"start":{"line":37,"column":0},"end":{"line":37,"column":50}},"12":{"start":{"line":38,"column":0},"end":{"line":38,"column":40}},"13":{"start":{"line":39,"column":0},"end":{"line":39,"column":38}},"14":{"start":{"line":41,"column":0},"end":{"line":41,"column":68}},"15":{"start":{"line":44,"column":0},"end":{"line":50,"column":1}},"16":{"start":{"line":45,"column":2},"end":{"line":49,"column":5}},"17":{"start":{"line":46,"column":4},"end":{"line":48,"column":7}},"18":{"start":{"line":47,"column":6},"end":{"line":47,"column":62}}},"fnMap":{"0":{"name":"(anonymous_0)","decl":{"start":{"line":25,"column":19},"end":{"line":25,"column":20}},"loc":{"start":{"line":25,"column":33},"end":{"line":31,"column":1}}},"1":{"name":"(anonymous_1)","decl":{"start":{"line":45,"column":22},"end":{"line":45,"column":25}},"loc":{"start":{"line":45,"column":27},"end":{"line":49,"column":3}}},"2":{"name":"(anonymous_2)","decl":{"start":{"line":46,"column":40},"end":{"line":46,"column":43}},"loc":{"start":{"line":46,"column":45},"end":{"line":48,"column":5}}}},"branchMap":{"0":{"loc":{"start":{"line":17,"column":13},"end":{"line":17,"column":37}},"type":"binary-expr","locations":[{"start":{"line":17,"column":13},"end":{"line":17,"column":29}},{"start":{"line":17,"column":33},"end":{"line":17,"column":37}}]},"1":{"loc":{"start":{"line":44,"column":0},"end":{"line":50,"column":1}},"type":"if","locations":[{"start":{"line":44,"column":0},"end":{"line":50,"column":1}},{"start":{},"end":{}}]}},"s":{"0":1,"1":1,"2":1,"3":1,"4":1,"5":1,"6":1,"7":0,"8":1,"9":1,"10":1,"11":1,"12":1,"13":1,"14":1,"15":1,"16":0,"17":0,"18":0},"f":{"0":0,"1":0,"2":0},"b":{"0":[1,0],"1":[0,1]}}
,"C:\\Users\\Ali\\Desktop\\artm\\backend\\src\\config\\mongo.ts": {"path":"C:\\Users\\Ali\\Desktop\\artm\\backend\\src\\config\\mongo.ts","statementMap":{"0":{"start":{"line":3,"column":18},"end":{"line":3,"column":75}},"1":{"start":{"line":6,"column":2},"end":{"line":12,"column":3}},"2":{"start":{"line":7,"column":4},"end":{"line":7,"column":38}},"3":{"start":{"line":8,"column":4},"end":{"line":8,"column":38}},"4":{"start":{"line":10,"column":4},"end":{"line":10,"column":58}},"5":{"start":{"line":11,"column":4},"end":{"line":11,"column":20}}},"fnMap":{"0":{"name":"connectMongo","decl":{"start":{"line":5,"column":22},"end":{"line":5,"column":34}},"loc":{"start":{"line":5,"column":34},"end":{"line":13,"column":1}}}},"branchMap":{"0":{"loc":{"start":{"line":3,"column":18},"end":{"line":3,"column":75}},"type":"binary-expr","locations":[{"start":{"line":3,"column":18},"end":{"line":3,"column":39}},{"start":{"line":3,"column":43},"end":{"line":3,"column":75}}]}},"s":{"0":1,"1":0,"2":0,"3":0,"4":0,"5":0},"f":{"0":0},"b":{"0":[1,0]}}
,"C:\\Users\\Ali\\Desktop\\artm\\backend\\src\\config\\prisma.ts": {"path":"C:\\Users\\Ali\\Desktop\\artm\\backend\\src\\config\\prisma.ts","statementMap":{"0":{"start":{"line":3,"column":15},"end":{"line":3,"column":33}}},"fnMap":{},"branchMap":{},"s":{"0":1},"f":{},"b":{}}
,"C:\\Users\\Ali\\Desktop\\artm\\backend\\src\\config\\swagger.ts": {"path":"C:\\Users\\Ali\\Desktop\\artm\\backend\\src\\config\\swagger.ts","statementMap":{"0":{"start":{"line":3,"column":38},"end":{"line":27,"column":2}},"1":{"start":{"line":29,"column":27},"end":{"line":29,"column":48}}},"fnMap":{},"branchMap":{},"s":{"0":1,"1":1},"f":{},"b":{}}
,"C:\\Users\\Ali\\Desktop\\artm\\backend\\src\\controllers\\annonce.controller.ts": {"path":"C:\\Users\\Ali\\Desktop\\artm\\backend\\src\\controllers\\annonce.controller.ts","statementMap":{"0":{"start":{"line":8,"column":2},"end":{"line":23,"column":3}},"1":{"start":{"line":9,"column":31},"end":{"line":9,"column":39}},"2":{"start":{"line":10,"column":4},"end":{"line":12,"column":5}},"3":{"start":{"line":11,"column":6},"end":{"line":11,"column":72}},"4":{"start":{"line":13,"column":20},"end":{"line":17,"column":6}},"5":{"start":{"line":18,"column":4},"end":{"line":18,"column":41}},"6":{"start":{"line":21,"column":6},"end":{"line":21,"column":78}},"7":{"start":{"line":22,"column":4},"end":{"line":22,"column":52}},"8":{"start":{"line":28,"column":2},"end":{"line":35,"column":3}},"9":{"start":{"line":29,"column":21},"end":{"line":29,"column":48}},"10":{"start":{"line":30,"column":4},"end":{"line":30,"column":42}},"11":{"start":{"line":33,"column":6},"end":{"line":33,"column":79}},"12":{"start":{"line":34,"column":4},"end":{"line":34,"column":52}},"13":{"start":{"line":39,"column":2},"end":{"line":47,"column":3}},"14":{"start":{"line":40,"column":31},"end":{"line":40,"column":39}},"15":{"start":{"line":41,"column":15},"end":{"line":41,"column":78}},"16":{"start":{"line":42,"column":20},"end":{"line":42,"column":76}},"17":{"start":{"line":43,"column":4},"end":{"line":43,"column":41}},"18":{"start":{"line":45,"column":20},"end":{"line":45,"column":93}},"19":{"start":{"line":46,"column":4},"end":{"line":46,"column":52}},"20":{"start":{"line":52,"column":2},"end":{"line":59,"column":3}},"21":{"start":{"line":53,"column":15},"end":{"line":53,"column":78}},"22":{"start":{"line":54,"column":19},"end":{"line":54,"column":60}},"23":{"start":{"line":55,"column":4},"end":{"line":55,"column":40}},"24":{"start":{"line":57,"column":20},"end":{"line":57,"column":92}},"25":{"start":{"line":58,"column":4},"end":{"line":58,"column":52}}},"fnMap":{"0":{"name":"publier","decl":{"start":{"line":7,"column":22},"end":{"line":7,"column":29}},"loc":{"start":{"line":7,"column":61},"end":{"line":24,"column":1}}},"1":{"name":"lister","decl":{"start":{"line":27,"column":22},"end":{"line":27,"column":28}},"loc":{"start":{"line":27,"column":61},"end":{"line":36,"column":1}}},"2":{"name":"modifier","decl":{"start":{"line":38,"column":22},"end":{"line":38,"column":30}},"loc":{"start":{"line":38,"column":62},"end":{"line":48,"column":1}}},"3":{"name":"supprimer","decl":{"start":{"line":51,"column":22},"end":{"line":51,"column":31}},"loc":{"start":{"line":51,"column":63},"end":{"line":60,"column":1}}}},"branchMap":{"0":{"loc":{"start":{"line":10,"column":4},"end":{"line":12,"column":5}},"type":"if","locations":[{"start":{"line":10,"column":4},"end":{"line":12,"column":5}},{"start":{},"end":{}}]},"1":{"loc":{"start":{"line":10,"column":8},"end":{"line":10,"column":26}},"type":"binary-expr","locations":[{"start":{"line":10,"column":8},"end":{"line":10,"column":14}},{"start":{"line":10,"column":18},"end":{"line":10,"column":26}}]},"2":{"loc":{"start":{"line":21,"column":6},"end":{"line":21,"column":78}},"type":"cond-expr","locations":[{"start":{"line":21,"column":31},"end":{"line":21,"column":44}},{"start":{"line":21,"column":47},"end":{"line":21,"column":78}}]},"3":{"loc":{"start":{"line":33,"column":6},"end":{"line":33,"column":79}},"type":"cond-expr","locations":[{"start":{"line":33,"column":31},"end":{"line":33,"column":44}},{"start":{"line":33,"column":47},"end":{"line":33,"column":79}}]},"4":{"loc":{"start":{"line":41,"column":15},"end":{"line":41,"column":78}},"type":"cond-expr","locations":[{"start":{"line":41,"column":46},"end":{"line":41,"column":62}},{"start":{"line":41,"column":65},"end":{"line":41,"column":78}}]},"5":{"loc":{"start":{"line":45,"column":20},"end":{"line":45,"column":93}},"type":"cond-expr","locations":[{"start":{"line":45,"column":45},"end":{"line":45,"column":58}},{"start":{"line":45,"column":61},"end":{"line":45,"column":93}}]},"6":{"loc":{"start":{"line":53,"column":15},"end":{"line":53,"column":78}},"type":"cond-expr","locations":[{"start":{"line":53,"column":46},"end":{"line":53,"column":62}},{"start":{"line":53,"column":65},"end":{"line":53,"column":78}}]},"7":{"loc":{"start":{"line":57,"column":20},"end":{"line":57,"column":92}},"type":"cond-expr","locations":[{"start":{"line":57,"column":45},"end":{"line":57,"column":58}},{"start":{"line":57,"column":61},"end":{"line":57,"column":92}}]}},"s":{"0":0,"1":0,"2":0,"3":0,"4":0,"5":0,"6":0,"7":0,"8":0,"9":0,"10":0,"11":0,"12":0,"13":0,"14":0,"15":0,"16":0,"17":0,"18":0,"19":0,"20":0,"21":0,"22":0,"23":0,"24":0,"25":0},"f":{"0":0,"1":0,"2":0,"3":0},"b":{"0":[0,0],"1":[0,0],"2":[0,0],"3":[0,0],"4":[0,0],"5":[0,0],"6":[0,0],"7":[0,0]}}
,"C:\\Users\\Ali\\Desktop\\artm\\backend\\src\\controllers\\auth.controller.ts": {"path":"C:\\Users\\Ali\\Desktop\\artm\\backend\\src\\controllers\\auth.controller.ts","statementMap":{"0":{"start":{"line":6,"column":2},"end":{"line":13,"column":3}},"1":{"start":{"line":7,"column":19},"end":{"line":7,"column":55}},"2":{"start":{"line":8,"column":4},"end":{"line":8,"column":40}},"3":{"start":{"line":11,"column":6},"end":{"line":11,"column":77}},"4":{"start":{"line":12,"column":4},"end":{"line":12,"column":52}},"5":{"start":{"line":17,"column":2},"end":{"line":24,"column":3}},"6":{"start":{"line":18,"column":19},"end":{"line":18,"column":52}},"7":{"start":{"line":19,"column":4},"end":{"line":19,"column":40}},"8":{"start":{"line":22,"column":6},"end":{"line":22,"column":76}},"9":{"start":{"line":23,"column":4},"end":{"line":23,"column":52}},"10":{"start":{"line":27,"column":2},"end":{"line":34,"column":3}},"11":{"start":{"line":28,"column":20},"end":{"line":28,"column":64}},"12":{"start":{"line":29,"column":4},"end":{"line":29,"column":41}},"13":{"start":{"line":32,"column":6},"end":{"line":32,"column":79}},"14":{"start":{"line":33,"column":4},"end":{"line":33,"column":52}},"15":{"start":{"line":37,"column":2},"end":{"line":44,"column":3}},"16":{"start":{"line":38,"column":39},"end":{"line":38,"column":47}},"17":{"start":{"line":39,"column":20},"end":{"line":39,"column":95}},"18":{"start":{"line":40,"column":4},"end":{"line":40,"column":41}},"19":{"start":{"line":42,"column":20},"end":{"line":42,"column":92}},"20":{"start":{"line":43,"column":4},"end":{"line":43,"column":52}}},"fnMap":{"0":{"name":"register","decl":{"start":{"line":5,"column":22},"end":{"line":5,"column":30}},"loc":{"start":{"line":5,"column":58},"end":{"line":14,"column":1}}},"1":{"name":"login","decl":{"start":{"line":16,"column":22},"end":{"line":16,"column":27}},"loc":{"start":{"line":16,"column":55},"end":{"line":25,"column":1}}},"2":{"name":"me","decl":{"start":{"line":26,"column":22},"end":{"line":26,"column":24}},"loc":{"start":{"line":26,"column":56},"end":{"line":35,"column":1}}},"3":{"name":"updateMe","decl":{"start":{"line":36,"column":22},"end":{"line":36,"column":30}},"loc":{"start":{"line":36,"column":62},"end":{"line":45,"column":1}}}},"branchMap":{"0":{"loc":{"start":{"line":11,"column":6},"end":{"line":11,"column":77}},"type":"cond-expr","locations":[{"start":{"line":11,"column":31},"end":{"line":11,"column":44}},{"start":{"line":11,"column":47},"end":{"line":11,"column":77}}]},"1":{"loc":{"start":{"line":22,"column":6},"end":{"line":22,"column":76}},"type":"cond-expr","locations":[{"start":{"line":22,"column":31},"end":{"line":22,"column":44}},{"start":{"line":22,"column":47},"end":{"line":22,"column":76}}]},"2":{"loc":{"start":{"line":32,"column":6},"end":{"line":32,"column":79}},"type":"cond-expr","locations":[{"start":{"line":32,"column":31},"end":{"line":32,"column":44}},{"start":{"line":32,"column":47},"end":{"line":32,"column":79}}]},"3":{"loc":{"start":{"line":42,"column":20},"end":{"line":42,"column":92}},"type":"cond-expr","locations":[{"start":{"line":42,"column":45},"end":{"line":42,"column":58}},{"start":{"line":42,"column":61},"end":{"line":42,"column":92}}]}},"s":{"0":2,"1":2,"2":1,"3":1,"4":1,"5":3,"6":3,"7":2,"8":1,"9":1,"10":1,"11":1,"12":1,"13":0,"14":0,"15":0,"16":0,"17":0,"18":0,"19":0,"20":0},"f":{"0":2,"1":3,"2":1,"3":0},"b":{"0":[1,0],"1":[1,0],"2":[0,0],"3":[0,0]}}
,"C:\\Users\\Ali\\Desktop\\artm\\backend\\src\\controllers\\cotisation.controller.ts": {"path":"C:\\Users\\Ali\\Desktop\\artm\\backend\\src\\controllers\\cotisation.controller.ts","statementMap":{"0":{"start":{"line":7,"column":2},"end":{"line":17,"column":3}},"1":{"start":{"line":8,"column":22},"end":{"line":8,"column":78}},"2":{"start":{"line":9,"column":4},"end":{"line":12,"column":7}},"3":{"start":{"line":15,"column":6},"end":{"line":15,"column":77}},"4":{"start":{"line":16,"column":4},"end":{"line":16,"column":52}},"5":{"start":{"line":22,"column":2},"end":{"line":29,"column":3}},"6":{"start":{"line":23,"column":19},"end":{"line":23,"column":79}},"7":{"start":{"line":24,"column":4},"end":{"line":24,"column":40}},"8":{"start":{"line":27,"column":6},"end":{"line":27,"column":79}},"9":{"start":{"line":28,"column":4},"end":{"line":28,"column":52}}},"fnMap":{"0":{"name":"generer","decl":{"start":{"line":6,"column":22},"end":{"line":6,"column":29}},"loc":{"start":{"line":6,"column":61},"end":{"line":18,"column":1}}},"1":{"name":"mesCotisations","decl":{"start":{"line":21,"column":22},"end":{"line":21,"column":36}},"loc":{"start":{"line":21,"column":68},"end":{"line":30,"column":1}}}},"branchMap":{"0":{"loc":{"start":{"line":15,"column":6},"end":{"line":15,"column":77}},"type":"cond-expr","locations":[{"start":{"line":15,"column":31},"end":{"line":15,"column":44}},{"start":{"line":15,"column":47},"end":{"line":15,"column":77}}]},"1":{"loc":{"start":{"line":27,"column":6},"end":{"line":27,"column":79}},"type":"cond-expr","locations":[{"start":{"line":27,"column":31},"end":{"line":27,"column":44}},{"start":{"line":27,"column":47},"end":{"line":27,"column":79}}]}},"s":{"0":0,"1":0,"2":0,"3":0,"4":0,"5":0,"6":0,"7":0,"8":0,"9":0},"f":{"0":0,"1":0},"b":{"0":[0,0],"1":[0,0]}}
,"C:\\Users\\Ali\\Desktop\\artm\\backend\\src\\controllers\\membre.controller.ts": {"path":"C:\\Users\\Ali\\Desktop\\artm\\backend\\src\\controllers\\membre.controller.ts","statementMap":{"0":{"start":{"line":6,"column":2},"end":{"line":12,"column":3}},"1":{"start":{"line":7,"column":20},"end":{"line":7,"column":56}},"2":{"start":{"line":8,"column":4},"end":{"line":8,"column":41}},"3":{"start":{"line":10,"column":20},"end":{"line":10,"column":69}},"4":{"start":{"line":11,"column":4},"end":{"line":11,"column":52}},"5":{"start":{"line":16,"column":2},"end":{"line":24,"column":3}},"6":{"start":{"line":17,"column":21},"end":{"line":17,"column":42}},"7":{"start":{"line":18,"column":21},"end":{"line":18,"column":29}},"8":{"start":{"line":19,"column":19},"end":{"line":19,"column":66}},"9":{"start":{"line":20,"column":4},"end":{"line":20,"column":40}},"10":{"start":{"line":22,"column":20},"end":{"line":22,"column":69}},"11":{"start":{"line":23,"column":4},"end":{"line":23,"column":52}},"12":{"start":{"line":29,"column":2},"end":{"line":35,"column":3}},"13":{"start":{"line":30,"column":19},"end":{"line":30,"column":78}},"14":{"start":{"line":31,"column":4},"end":{"line":31,"column":40}},"15":{"start":{"line":33,"column":20},"end":{"line":33,"column":69}},"16":{"start":{"line":34,"column":4},"end":{"line":34,"column":52}},"17":{"start":{"line":40,"column":2},"end":{"line":46,"column":3}},"18":{"start":{"line":41,"column":19},"end":{"line":41,"column":77}},"19":{"start":{"line":42,"column":4},"end":{"line":42,"column":40}},"20":{"start":{"line":44,"column":20},"end":{"line":44,"column":69}},"21":{"start":{"line":45,"column":4},"end":{"line":45,"column":52}},"22":{"start":{"line":51,"column":2},"end":{"line":57,"column":3}},"23":{"start":{"line":52,"column":19},"end":{"line":52,"column":77}},"24":{"start":{"line":53,"column":4},"end":{"line":53,"column":40}},"25":{"start":{"line":55,"column":20},"end":{"line":55,"column":69}},"26":{"start":{"line":56,"column":4},"end":{"line":56,"column":52}},"27":{"start":{"line":60,"column":2},"end":{"line":66,"column":3}},"28":{"start":{"line":61,"column":17},"end":{"line":61,"column":48}},"29":{"start":{"line":62,"column":4},"end":{"line":62,"column":38}},"30":{"start":{"line":64,"column":20},"end":{"line":64,"column":69}},"31":{"start":{"line":65,"column":4},"end":{"line":65,"column":52}},"32":{"start":{"line":70,"column":2},"end":{"line":76,"column":3}},"33":{"start":{"line":71,"column":19},"end":{"line":71,"column":76}},"34":{"start":{"line":72,"column":4},"end":{"line":72,"column":40}},"35":{"start":{"line":74,"column":20},"end":{"line":74,"column":69}},"36":{"start":{"line":75,"column":4},"end":{"line":75,"column":52}}},"fnMap":{"0":{"name":"liste","decl":{"start":{"line":5,"column":22},"end":{"line":5,"column":27}},"loc":{"start":{"line":5,"column":60},"end":{"line":13,"column":1}}},"1":{"name":"changerRole","decl":{"start":{"line":15,"column":22},"end":{"line":15,"column":33}},"loc":{"start":{"line":15,"column":65},"end":{"line":25,"column":1}}},"2":{"name":"desactiver","decl":{"start":{"line":28,"column":22},"end":{"line":28,"column":32}},"loc":{"start":{"line":28,"column":64},"end":{"line":36,"column":1}}},"3":{"name":"reactiver","decl":{"start":{"line":39,"column":22},"end":{"line":39,"column":31}},"loc":{"start":{"line":39,"column":63},"end":{"line":47,"column":1}}},"4":{"name":"supprimer","decl":{"start":{"line":50,"column":22},"end":{"line":50,"column":31}},"loc":{"start":{"line":50,"column":63},"end":{"line":58,"column":1}}},"5":{"name":"resume","decl":{"start":{"line":59,"column":22},"end":{"line":59,"column":28}},"loc":{"start":{"line":59,"column":61},"end":{"line":67,"column":1}}},"6":{"name":"relancer","decl":{"start":{"line":69,"column":22},"end":{"line":69,"column":30}},"loc":{"start":{"line":69,"column":62},"end":{"line":77,"column":1}}}},"branchMap":{"0":{"loc":{"start":{"line":10,"column":20},"end":{"line":10,"column":69}},"type":"cond-expr","locations":[{"start":{"line":10,"column":45},"end":{"line":10,"column":58}},{"start":{"line":10,"column":61},"end":{"line":10,"column":69}}]},"1":{"loc":{"start":{"line":22,"column":20},"end":{"line":22,"column":69}},"type":"cond-expr","locations":[{"start":{"line":22,"column":45},"end":{"line":22,"column":58}},{"start":{"line":22,"column":61},"end":{"line":22,"column":69}}]},"2":{"loc":{"start":{"line":33,"column":20},"end":{"line":33,"column":69}},"type":"cond-expr","locations":[{"start":{"line":33,"column":45},"end":{"line":33,"column":58}},{"start":{"line":33,"column":61},"end":{"line":33,"column":69}}]},"3":{"loc":{"start":{"line":44,"column":20},"end":{"line":44,"column":69}},"type":"cond-expr","locations":[{"start":{"line":44,"column":45},"end":{"line":44,"column":58}},{"start":{"line":44,"column":61},"end":{"line":44,"column":69}}]},"4":{"loc":{"start":{"line":55,"column":20},"end":{"line":55,"column":69}},"type":"cond-expr","locations":[{"start":{"line":55,"column":45},"end":{"line":55,"column":58}},{"start":{"line":55,"column":61},"end":{"line":55,"column":69}}]},"5":{"loc":{"start":{"line":64,"column":20},"end":{"line":64,"column":69}},"type":"cond-expr","locations":[{"start":{"line":64,"column":45},"end":{"line":64,"column":58}},{"start":{"line":64,"column":61},"end":{"line":64,"column":69}}]},"6":{"loc":{"start":{"line":74,"column":20},"end":{"line":74,"column":69}},"type":"cond-expr","locations":[{"start":{"line":74,"column":45},"end":{"line":74,"column":58}},{"start":{"line":74,"column":61},"end":{"line":74,"column":69}}]}},"s":{"0":0,"1":0,"2":0,"3":0,"4":0,"5":0,"6":0,"7":0,"8":0,"9":0,"10":0,"11":0,"12":0,"13":0,"14":0,"15":0,"16":0,"17":0,"18":0,"19":0,"20":0,"21":0,"22":0,"23":0,"24":0,"25":0,"26":0,"27":0,"28":0,"29":0,"30":0,"31":0,"32":0,"33":0,"34":0,"35":0,"36":0},"f":{"0":0,"1":0,"2":0,"3":0,"4":0,"5":0,"6":0},"b":{"0":[0,0],"1":[0,0],"2":[0,0],"3":[0,0],"4":[0,0],"5":[0,0],"6":[0,0]}}
,"C:\\Users\\Ali\\Desktop\\artm\\backend\\src\\controllers\\notification.controller.ts": {"path":"C:\\Users\\Ali\\Desktop\\artm\\backend\\src\\controllers\\notification.controller.ts","statementMap":{"0":{"start":{"line":7,"column":2},"end":{"line":14,"column":3}},"1":{"start":{"line":8,"column":26},"end":{"line":8,"column":77}},"2":{"start":{"line":9,"column":4},"end":{"line":9,"column":47}},"3":{"start":{"line":12,"column":6},"end":{"line":12,"column":79}},"4":{"start":{"line":13,"column":4},"end":{"line":13,"column":52}},"5":{"start":{"line":19,"column":2},"end":{"line":27,"column":3}},"6":{"start":{"line":20,"column":15},"end":{"line":20,"column":78}},"7":{"start":{"line":21,"column":25},"end":{"line":21,"column":62}},"8":{"start":{"line":22,"column":4},"end":{"line":22,"column":46}},"9":{"start":{"line":25,"column":6},"end":{"line":25,"column":78}},"10":{"start":{"line":26,"column":4},"end":{"line":26,"column":52}}},"fnMap":{"0":{"name":"mesNotifications","decl":{"start":{"line":6,"column":22},"end":{"line":6,"column":38}},"loc":{"start":{"line":6,"column":70},"end":{"line":15,"column":1}}},"1":{"name":"marquerLue","decl":{"start":{"line":18,"column":22},"end":{"line":18,"column":32}},"loc":{"start":{"line":18,"column":64},"end":{"line":28,"column":1}}}},"branchMap":{"0":{"loc":{"start":{"line":12,"column":6},"end":{"line":12,"column":79}},"type":"cond-expr","locations":[{"start":{"line":12,"column":31},"end":{"line":12,"column":44}},{"start":{"line":12,"column":47},"end":{"line":12,"column":79}}]},"1":{"loc":{"start":{"line":20,"column":15},"end":{"line":20,"column":78}},"type":"cond-expr","locations":[{"start":{"line":20,"column":46},"end":{"line":20,"column":62}},{"start":{"line":20,"column":65},"end":{"line":20,"column":78}}]},"2":{"loc":{"start":{"line":25,"column":6},"end":{"line":25,"column":78}},"type":"cond-expr","locations":[{"start":{"line":25,"column":31},"end":{"line":25,"column":44}},{"start":{"line":25,"column":47},"end":{"line":25,"column":78}}]}},"s":{"0":0,"1":0,"2":0,"3":0,"4":0,"5":0,"6":0,"7":0,"8":0,"9":0,"10":0},"f":{"0":0,"1":0},"b":{"0":[0,0],"1":[0,0],"2":[0,0]}}
,"C:\\Users\\Ali\\Desktop\\artm\\backend\\src\\controllers\\paiement.controller.ts": {"path":"C:\\Users\\Ali\\Desktop\\artm\\backend\\src\\controllers\\paiement.controller.ts","statementMap":{"0":{"start":{"line":7,"column":2},"end":{"line":22,"column":3}},"1":{"start":{"line":8,"column":35},"end":{"line":8,"column":43}},"2":{"start":{"line":9,"column":21},"end":{"line":12,"column":null}},"3":{"start":{"line":14,"column":4},"end":{"line":17,"column":7}},"4":{"start":{"line":20,"column":6},"end":{"line":20,"column":78}},"5":{"start":{"line":21,"column":4},"end":{"line":21,"column":52}},"6":{"start":{"line":27,"column":2},"end":{"line":38,"column":3}},"7":{"start":{"line":28,"column":23},"end":{"line":28,"column":44}},"8":{"start":{"line":29,"column":19},"end":{"line":29,"column":68}},"9":{"start":{"line":30,"column":4},"end":{"line":33,"column":7}},"10":{"start":{"line":36,"column":6},"end":{"line":36,"column":77}},"11":{"start":{"line":37,"column":4},"end":{"line":37,"column":52}},"12":{"start":{"line":43,"column":2},"end":{"line":51,"column":3}},"13":{"start":{"line":44,"column":23},"end":{"line":44,"column":44}},"14":{"start":{"line":45,"column":19},"end":{"line":45,"column":68}},"15":{"start":{"line":46,"column":4},"end":{"line":46,"column":40}},"16":{"start":{"line":49,"column":6},"end":{"line":49,"column":69}},"17":{"start":{"line":50,"column":4},"end":{"line":50,"column":52}},"18":{"start":{"line":56,"column":2},"end":{"line":63,"column":3}},"19":{"start":{"line":57,"column":22},"end":{"line":57,"column":67}},"20":{"start":{"line":58,"column":4},"end":{"line":58,"column":43}},"21":{"start":{"line":61,"column":6},"end":{"line":61,"column":79}},"22":{"start":{"line":62,"column":4},"end":{"line":62,"column":52}}},"fnMap":{"0":{"name":"declarer","decl":{"start":{"line":6,"column":22},"end":{"line":6,"column":30}},"loc":{"start":{"line":6,"column":62},"end":{"line":23,"column":1}}},"1":{"name":"valider","decl":{"start":{"line":26,"column":22},"end":{"line":26,"column":29}},"loc":{"start":{"line":26,"column":61},"end":{"line":39,"column":1}}},"2":{"name":"rejeter","decl":{"start":{"line":42,"column":22},"end":{"line":42,"column":29}},"loc":{"start":{"line":42,"column":61},"end":{"line":52,"column":1}}},"3":{"name":"enAttente","decl":{"start":{"line":55,"column":22},"end":{"line":55,"column":31}},"loc":{"start":{"line":55,"column":64},"end":{"line":64,"column":1}}}},"branchMap":{"0":{"loc":{"start":{"line":20,"column":6},"end":{"line":20,"column":78}},"type":"cond-expr","locations":[{"start":{"line":20,"column":31},"end":{"line":20,"column":44}},{"start":{"line":20,"column":47},"end":{"line":20,"column":78}}]},"1":{"loc":{"start":{"line":36,"column":6},"end":{"line":36,"column":77}},"type":"cond-expr","locations":[{"start":{"line":36,"column":31},"end":{"line":36,"column":44}},{"start":{"line":36,"column":47},"end":{"line":36,"column":77}}]},"2":{"loc":{"start":{"line":49,"column":6},"end":{"line":49,"column":69}},"type":"cond-expr","locations":[{"start":{"line":49,"column":31},"end":{"line":49,"column":44}},{"start":{"line":49,"column":47},"end":{"line":49,"column":69}}]},"3":{"loc":{"start":{"line":61,"column":6},"end":{"line":61,"column":79}},"type":"cond-expr","locations":[{"start":{"line":61,"column":31},"end":{"line":61,"column":44}},{"start":{"line":61,"column":47},"end":{"line":61,"column":79}}]}},"s":{"0":0,"1":0,"2":0,"3":0,"4":0,"5":0,"6":0,"7":0,"8":0,"9":0,"10":0,"11":0,"12":0,"13":0,"14":0,"15":0,"16":0,"17":0,"18":0,"19":0,"20":0,"21":0,"22":0},"f":{"0":0,"1":0,"2":0,"3":0},"b":{"0":[0,0],"1":[0,0],"2":[0,0],"3":[0,0]}}
,"C:\\Users\\Ali\\Desktop\\artm\\backend\\src\\middlewares\\auth.middleware.ts": {"path":"C:\\Users\\Ali\\Desktop\\artm\\backend\\src\\middlewares\\auth.middleware.ts","statementMap":{"0":{"start":{"line":15,"column":21},"end":{"line":15,"column":46}},"1":{"start":{"line":17,"column":2},"end":{"line":19,"column":3}},"2":{"start":{"line":18,"column":4},"end":{"line":18,"column":73}},"3":{"start":{"line":21,"column":16},"end":{"line":21,"column":40}},"4":{"start":{"line":23,"column":2},"end":{"line":29,"column":3}},"5":{"start":{"line":24,"column":20},"end":{"line":24,"column":38}},"6":{"start":{"line":25,"column":4},"end":{"line":25,"column":25}},"7":{"start":{"line":26,"column":4},"end":{"line":26,"column":11}},"8":{"start":{"line":28,"column":4},"end":{"line":28,"column":71}},"9":{"start":{"line":34,"column":2},"end":{"line":39,"column":4}},"10":{"start":{"line":35,"column":4},"end":{"line":37,"column":5}},"11":{"start":{"line":36,"column":6},"end":{"line":36,"column":61}},"12":{"start":{"line":38,"column":4},"end":{"line":38,"column":11}}},"fnMap":{"0":{"name":"authenticate","decl":{"start":{"line":10,"column":16},"end":{"line":10,"column":28}},"loc":{"start":{"line":13,"column":20},"end":{"line":30,"column":1}}},"1":{"name":"authorize","decl":{"start":{"line":33,"column":16},"end":{"line":33,"column":25}},"loc":{"start":{"line":33,"column":53},"end":{"line":40,"column":1}}},"2":{"name":"(anonymous_2)","decl":{"start":{"line":34,"column":9},"end":{"line":34,"column":10}},"loc":{"start":{"line":34,"column":65},"end":{"line":39,"column":3}}}},"branchMap":{"0":{"loc":{"start":{"line":17,"column":2},"end":{"line":19,"column":3}},"type":"if","locations":[{"start":{"line":17,"column":2},"end":{"line":19,"column":3}},{"start":{},"end":{}}]},"1":{"loc":{"start":{"line":17,"column":6},"end":{"line":17,"column":54}},"type":"binary-expr","locations":[{"start":{"line":17,"column":6},"end":{"line":17,"column":17}},{"start":{"line":17,"column":21},"end":{"line":17,"column":54}}]},"2":{"loc":{"start":{"line":35,"column":4},"end":{"line":37,"column":5}},"type":"if","locations":[{"start":{"line":35,"column":4},"end":{"line":37,"column":5}},{"start":{},"end":{}}]},"3":{"loc":{"start":{"line":35,"column":8},"end":{"line":35,"column":64}},"type":"binary-expr","locations":[{"start":{"line":35,"column":8},"end":{"line":35,"column":19}},{"start":{"line":35,"column":23},"end":{"line":35,"column":64}}]}},"s":{"0":2,"1":2,"2":1,"3":1,"4":1,"5":1,"6":1,"7":1,"8":0,"9":13,"10":0,"11":0,"12":0},"f":{"0":2,"1":13,"2":0},"b":{"0":[1,1],"1":[2,1],"2":[0,0],"3":[0,0]}}
,"C:\\Users\\Ali\\Desktop\\artm\\backend\\src\\models\\annonce.model.ts": {"path":"C:\\Users\\Ali\\Desktop\\artm\\backend\\src\\models\\annonce.model.ts","statementMap":{"0":{"start":{"line":3,"column":22},"end":{"line":8,"column":2}},"1":{"start":{"line":10,"column":23},"end":{"line":10,"column":63}}},"fnMap":{},"branchMap":{},"s":{"0":1,"1":1},"f":{},"b":{}}
,"C:\\Users\\Ali\\Desktop\\artm\\backend\\src\\models\\notification.model.ts": {"path":"C:\\Users\\Ali\\Desktop\\artm\\backend\\src\\models\\notification.model.ts","statementMap":{"0":{"start":{"line":3,"column":27},"end":{"line":9,"column":2}},"1":{"start":{"line":12,"column":0},"end":{"line":12,"column":60}},"2":{"start":{"line":14,"column":28},"end":{"line":14,"column":78}}},"fnMap":{},"branchMap":{},"s":{"0":1,"1":1,"2":1},"f":{},"b":{}}
,"C:\\Users\\Ali\\Desktop\\artm\\backend\\src\\repositories\\annonce.repository.ts": {"path":"C:\\Users\\Ali\\Desktop\\artm\\backend\\src\\repositories\\annonce.repository.ts","statementMap":{"0":{"start":{"line":9,"column":2},"end":{"line":9,"column":30}},"1":{"start":{"line":14,"column":2},"end":{"line":14,"column":54}},"2":{"start":{"line":18,"column":2},"end":{"line":18,"column":60}},"3":{"start":{"line":23,"column":2},"end":{"line":23,"column":39}}},"fnMap":{"0":{"name":"create","decl":{"start":{"line":4,"column":22},"end":{"line":4,"column":28}},"loc":{"start":{"line":8,"column":1},"end":{"line":10,"column":1}}},"1":{"name":"findAll","decl":{"start":{"line":13,"column":22},"end":{"line":13,"column":29}},"loc":{"start":{"line":13,"column":29},"end":{"line":15,"column":1}}},"2":{"name":"update","decl":{"start":{"line":17,"column":22},"end":{"line":17,"column":28}},"loc":{"start":{"line":17,"column":81},"end":{"line":19,"column":1}}},"3":{"name":"remove","decl":{"start":{"line":22,"column":22},"end":{"line":22,"column":28}},"loc":{"start":{"line":22,"column":39},"end":{"line":24,"column":1}}}},"branchMap":{},"s":{"0":0,"1":0,"2":0,"3":0},"f":{"0":0,"1":0,"2":0,"3":0},"b":{}}
,"C:\\Users\\Ali\\Desktop\\artm\\backend\\src\\repositories\\cotisation.repository.ts": {"path":"C:\\Users\\Ali\\Desktop\\artm\\backend\\src\\repositories\\cotisation.repository.ts","statementMap":{"0":{"start":{"line":5,"column":2},"end":{"line":9,"column":5}},"1":{"start":{"line":14,"column":2},"end":{"line":18,"column":5}},"2":{"start":{"line":30,"column":2},"end":{"line":30,"column":44}},"3":{"start":{"line":35,"column":2},"end":{"line":38,"column":5}}},"fnMap":{"0":{"name":"findByMembre","decl":{"start":{"line":4,"column":22},"end":{"line":4,"column":34}},"loc":{"start":{"line":4,"column":51},"end":{"line":10,"column":1}}},"1":{"name":"findPeriode","decl":{"start":{"line":13,"column":22},"end":{"line":13,"column":33}},"loc":{"start":{"line":13,"column":79},"end":{"line":19,"column":1}}},"2":{"name":"create","decl":{"start":{"line":22,"column":22},"end":{"line":22,"column":28}},"loc":{"start":{"line":29,"column":1},"end":{"line":31,"column":1}}},"3":{"name":"updateStatut","decl":{"start":{"line":34,"column":22},"end":{"line":34,"column":34}},"loc":{"start":{"line":34,"column":61},"end":{"line":39,"column":1}}}},"branchMap":{},"s":{"0":0,"1":0,"2":0,"3":0},"f":{"0":0,"1":0,"2":0,"3":0},"b":{}}
,"C:\\Users\\Ali\\Desktop\\artm\\backend\\src\\repositories\\notification.repository.ts": {"path":"C:\\Users\\Ali\\Desktop\\artm\\backend\\src\\repositories\\notification.repository.ts","statementMap":{"0":{"start":{"line":9,"column":2},"end":{"line":9,"column":35}},"1":{"start":{"line":14,"column":2},"end":{"line":14,"column":68}},"2":{"start":{"line":19,"column":2},"end":{"line":19,"column":73}}},"fnMap":{"0":{"name":"create","decl":{"start":{"line":4,"column":22},"end":{"line":4,"column":28}},"loc":{"start":{"line":8,"column":1},"end":{"line":10,"column":1}}},"1":{"name":"findByMembre","decl":{"start":{"line":13,"column":22},"end":{"line":13,"column":34}},"loc":{"start":{"line":13,"column":51},"end":{"line":15,"column":1}}},"2":{"name":"marquerLue","decl":{"start":{"line":18,"column":22},"end":{"line":18,"column":32}},"loc":{"start":{"line":18,"column":43},"end":{"line":20,"column":1}}}},"branchMap":{},"s":{"0":0,"1":0,"2":0},"f":{"0":0,"1":0,"2":0},"b":{}}
,"C:\\Users\\Ali\\Desktop\\artm\\backend\\src\\repositories\\paiement.repository.ts": {"path":"C:\\Users\\Ali\\Desktop\\artm\\backend\\src\\repositories\\paiement.repository.ts","statementMap":{"0":{"start":{"line":11,"column":2},"end":{"line":11,"column":42}},"1":{"start":{"line":16,"column":2},"end":{"line":19,"column":5}},"2":{"start":{"line":24,"column":2},"end":{"line":28,"column":5}},"3":{"start":{"line":37,"column":2},"end":{"line":40,"column":5}}},"fnMap":{"0":{"name":"create","decl":{"start":{"line":4,"column":22},"end":{"line":4,"column":28}},"loc":{"start":{"line":10,"column":1},"end":{"line":12,"column":1}}},"1":{"name":"findById","decl":{"start":{"line":15,"column":22},"end":{"line":15,"column":30}},"loc":{"start":{"line":15,"column":41},"end":{"line":20,"column":1}}},"2":{"name":"findEnAttente","decl":{"start":{"line":23,"column":22},"end":{"line":23,"column":35}},"loc":{"start":{"line":23,"column":35},"end":{"line":29,"column":1}}},"3":{"name":"updateStatut","decl":{"start":{"line":32,"column":22},"end":{"line":32,"column":34}},"loc":{"start":{"line":35,"column":23},"end":{"line":41,"column":1}}}},"branchMap":{},"s":{"0":0,"1":0,"2":0,"3":0},"f":{"0":0,"1":0,"2":0,"3":0},"b":{}}
,"C:\\Users\\Ali\\Desktop\\artm\\backend\\src\\repositories\\recu.repository.ts": {"path":"C:\\Users\\Ali\\Desktop\\artm\\backend\\src\\repositories\\recu.repository.ts","statementMap":{"0":{"start":{"line":5,"column":2},"end":{"line":5,"column":38}},"1":{"start":{"line":10,"column":2},"end":{"line":12,"column":5}}},"fnMap":{"0":{"name":"create","decl":{"start":{"line":4,"column":22},"end":{"line":4,"column":28}},"loc":{"start":{"line":4,"column":73},"end":{"line":6,"column":1}}},"1":{"name":"findByPaiement","decl":{"start":{"line":9,"column":22},"end":{"line":9,"column":36}},"loc":{"start":{"line":9,"column":55},"end":{"line":13,"column":1}}}},"branchMap":{},"s":{"0":0,"1":0},"f":{"0":0,"1":0},"b":{}}
,"C:\\Users\\Ali\\Desktop\\artm\\backend\\src\\routes\\annonce.routes.ts": {"path":"C:\\Users\\Ali\\Desktop\\artm\\backend\\src\\routes\\annonce.routes.ts","statementMap":{"0":{"start":{"line":5,"column":15},"end":{"line":5,"column":23}},"1":{"start":{"line":44,"column":0},"end":{"line":44,"column":56}},"2":{"start":{"line":47,"column":0},"end":{"line":52,"column":2}},"3":{"start":{"line":93,"column":0},"end":{"line":93,"column":87}},"4":{"start":{"line":94,"column":0},"end":{"line":94,"column":89}}},"fnMap":{},"branchMap":{},"s":{"0":1,"1":1,"2":1,"3":1,"4":1},"f":{},"b":{}}
,"C:\\Users\\Ali\\Desktop\\artm\\backend\\src\\routes\\auth.routes.ts": {"path":"C:\\Users\\Ali\\Desktop\\artm\\backend\\src\\routes\\auth.routes.ts","statementMap":{"0":{"start":{"line":5,"column":15},"end":{"line":5,"column":23}},"1":{"start":{"line":37,"column":0},"end":{"line":37,"column":50}},"2":{"start":{"line":59,"column":0},"end":{"line":59,"column":44}},"3":{"start":{"line":89,"column":0},"end":{"line":89,"column":51}},"4":{"start":{"line":90,"column":0},"end":{"line":90,"column":59}}},"fnMap":{},"branchMap":{},"s":{"0":1,"1":1,"2":1,"3":1,"4":1},"f":{},"b":{}}
,"C:\\Users\\Ali\\Desktop\\artm\\backend\\src\\routes\\cotisation.routes.ts": {"path":"C:\\Users\\Ali\\Desktop\\artm\\backend\\src\\routes\\cotisation.routes.ts","statementMap":{"0":{"start":{"line":5,"column":15},"end":{"line":5,"column":23}},"1":{"start":{"line":26,"column":0},"end":{"line":26,"column":68}},"2":{"start":{"line":39,"column":0},"end":{"line":39,"column":69}}},"fnMap":{},"branchMap":{},"s":{"0":1,"1":1,"2":1},"f":{},"b":{}}
,"C:\\Users\\Ali\\Desktop\\artm\\backend\\src\\routes\\membre.routes.ts": {"path":"C:\\Users\\Ali\\Desktop\\artm\\backend\\src\\routes\\membre.routes.ts","statementMap":{"0":{"start":{"line":5,"column":15},"end":{"line":5,"column":23}},"1":{"start":{"line":27,"column":0},"end":{"line":27,"column":78}},"2":{"start":{"line":40,"column":0},"end":{"line":40,"column":85}},"3":{"start":{"line":58,"column":0},"end":{"line":58,"column":94}},"4":{"start":{"line":84,"column":0},"end":{"line":84,"column":94}},"5":{"start":{"line":102,"column":0},"end":{"line":102,"column":99}},"6":{"start":{"line":120,"column":0},"end":{"line":120,"column":97}},"7":{"start":{"line":138,"column":0},"end":{"line":138,"column":88}}},"fnMap":{},"branchMap":{},"s":{"0":1,"1":1,"2":1,"3":1,"4":1,"5":1,"6":1,"7":1},"f":{},"b":{}}
,"C:\\Users\\Ali\\Desktop\\artm\\backend\\src\\routes\\notification.routes.ts": {"path":"C:\\Users\\Ali\\Desktop\\artm\\backend\\src\\routes\\notification.routes.ts","statementMap":{"0":{"start":{"line":5,"column":15},"end":{"line":5,"column":23}},"1":{"start":{"line":26,"column":0},"end":{"line":26,"column":73}},"2":{"start":{"line":44,"column":0},"end":{"line":44,"column":74}}},"fnMap":{},"branchMap":{},"s":{"0":1,"1":1,"2":1},"f":{},"b":{}}
,"C:\\Users\\Ali\\Desktop\\artm\\backend\\src\\routes\\paiement.routes.ts": {"path":"C:\\Users\\Ali\\Desktop\\artm\\backend\\src\\routes\\paiement.routes.ts","statementMap":{"0":{"start":{"line":5,"column":15},"end":{"line":5,"column":23}},"1":{"start":{"line":36,"column":0},"end":{"line":36,"column":68}},"2":{"start":{"line":51,"column":0},"end":{"line":56,"column":2}},"3":{"start":{"line":75,"column":0},"end":{"line":80,"column":2}},"4":{"start":{"line":99,"column":0},"end":{"line":104,"column":2}}},"fnMap":{},"branchMap":{},"s":{"0":1,"1":1,"2":1,"3":1,"4":1},"f":{},"b":{}}
,"C:\\Users\\Ali\\Desktop\\artm\\backend\\src\\services\\annonce.service.ts": {"path":"C:\\Users\\Ali\\Desktop\\artm\\backend\\src\\services\\annonce.service.ts","statementMap":{"0":{"start":{"line":4,"column":2},"end":{"line":6,"column":3}},"1":{"start":{"line":5,"column":4},"end":{"line":5,"column":47}},"2":{"start":{"line":7,"column":18},"end":{"line":7,"column":66}},"3":{"start":{"line":8,"column":2},"end":{"line":10,"column":3}},"4":{"start":{"line":9,"column":4},"end":{"line":9,"column":43}},"5":{"start":{"line":11,"column":2},"end":{"line":11,"column":17}},"6":{"start":{"line":15,"column":18},"end":{"line":15,"column":46}},"7":{"start":{"line":16,"column":2},"end":{"line":18,"column":3}},"8":{"start":{"line":17,"column":4},"end":{"line":17,"column":43}},"9":{"start":{"line":19,"column":2},"end":{"line":19,"column":42}}},"fnMap":{"0":{"name":"modifierAnnonce","decl":{"start":{"line":3,"column":22},"end":{"line":3,"column":37}},"loc":{"start":{"line":3,"column":80},"end":{"line":12,"column":1}}},"1":{"name":"supprimerAnnonce","decl":{"start":{"line":14,"column":22},"end":{"line":14,"column":38}},"loc":{"start":{"line":14,"column":49},"end":{"line":20,"column":1}}}},"branchMap":{"0":{"loc":{"start":{"line":4,"column":2},"end":{"line":6,"column":3}},"type":"if","locations":[{"start":{"line":4,"column":2},"end":{"line":6,"column":3}},{"start":{},"end":{}}]},"1":{"loc":{"start":{"line":4,"column":6},"end":{"line":4,"column":40}},"type":"binary-expr","locations":[{"start":{"line":4,"column":6},"end":{"line":4,"column":20}},{"start":{"line":4,"column":24},"end":{"line":4,"column":40}}]},"2":{"loc":{"start":{"line":8,"column":2},"end":{"line":10,"column":3}},"type":"if","locations":[{"start":{"line":8,"column":2},"end":{"line":10,"column":3}},{"start":{},"end":{}}]},"3":{"loc":{"start":{"line":16,"column":2},"end":{"line":18,"column":3}},"type":"if","locations":[{"start":{"line":16,"column":2},"end":{"line":18,"column":3}},{"start":{},"end":{}}]}},"s":{"0":0,"1":0,"2":0,"3":0,"4":0,"5":0,"6":0,"7":0,"8":0,"9":0},"f":{"0":0,"1":0},"b":{"0":[0,0],"1":[0,0],"2":[0,0],"3":[0,0]}}
,"C:\\Users\\Ali\\Desktop\\artm\\backend\\src\\services\\auth.service.ts": {"path":"C:\\Users\\Ali\\Desktop\\artm\\backend\\src\\services\\auth.service.ts","statementMap":{"0":{"start":{"line":20,"column":19},"end":{"line":22,"column":4}},"1":{"start":{"line":23,"column":2},"end":{"line":25,"column":3}},"2":{"start":{"line":24,"column":4},"end":{"line":24,"column":60}},"3":{"start":{"line":28,"column":21},"end":{"line":30,"column":4}},"4":{"start":{"line":31,"column":2},"end":{"line":33,"column":3}},"5":{"start":{"line":32,"column":4},"end":{"line":32,"column":58}},"6":{"start":{"line":36,"column":26},"end":{"line":36,"column":62}},"7":{"start":{"line":37,"column":17},"end":{"line":46,"column":4}},"8":{"start":{"line":49,"column":16},"end":{"line":49,"column":74}},"9":{"start":{"line":50,"column":2},"end":{"line":59,"column":4}},"10":{"start":{"line":64,"column":17},"end":{"line":67,"column":4}},"11":{"start":{"line":69,"column":2},"end":{"line":71,"column":3}},"12":{"start":{"line":70,"column":4},"end":{"line":70,"column":55}},"13":{"start":{"line":75,"column":27},"end":{"line":77,"column":null}},"14":{"start":{"line":79,"column":2},"end":{"line":81,"column":3}},"15":{"start":{"line":80,"column":4},"end":{"line":80,"column":55}},"16":{"start":{"line":83,"column":16},"end":{"line":83,"column":75}},"17":{"start":{"line":84,"column":2},"end":{"line":93,"column":4}},"18":{"start":{"line":97,"column":17},"end":{"line":100,"column":4}},"19":{"start":{"line":101,"column":2},"end":{"line":103,"column":3}},"20":{"start":{"line":102,"column":4},"end":{"line":102,"column":42}},"21":{"start":{"line":104,"column":2},"end":{"line":113,"column":4}},"22":{"start":{"line":120,"column":17},"end":{"line":128,"column":4}},"23":{"start":{"line":129,"column":2},"end":{"line":138,"column":4}}},"fnMap":{"0":{"name":"register","decl":{"start":{"line":18,"column":22},"end":{"line":18,"column":30}},"loc":{"start":{"line":18,"column":51},"end":{"line":60,"column":1}}},"1":{"name":"login","decl":{"start":{"line":63,"column":22},"end":{"line":63,"column":27}},"loc":{"start":{"line":63,"column":45},"end":{"line":94,"column":1}}},"2":{"name":"getProfile","decl":{"start":{"line":96,"column":22},"end":{"line":96,"column":32}},"loc":{"start":{"line":96,"column":49},"end":{"line":114,"column":1}}},"3":{"name":"updateProfile","decl":{"start":{"line":116,"column":22},"end":{"line":116,"column":35}},"loc":{"start":{"line":118,"column":61},"end":{"line":139,"column":1}}}},"branchMap":{"0":{"loc":{"start":{"line":23,"column":2},"end":{"line":25,"column":3}},"type":"if","locations":[{"start":{"line":23,"column":2},"end":{"line":25,"column":3}},{"start":{},"end":{}}]},"1":{"loc":{"start":{"line":31,"column":2},"end":{"line":33,"column":3}},"type":"if","locations":[{"start":{"line":31,"column":2},"end":{"line":33,"column":3}},{"start":{},"end":{}}]},"2":{"loc":{"start":{"line":69,"column":2},"end":{"line":71,"column":3}},"type":"if","locations":[{"start":{"line":69,"column":2},"end":{"line":71,"column":3}},{"start":{},"end":{}}]},"3":{"loc":{"start":{"line":79,"column":2},"end":{"line":81,"column":3}},"type":"if","locations":[{"start":{"line":79,"column":2},"end":{"line":81,"column":3}},{"start":{},"end":{}}]},"4":{"loc":{"start":{"line":101,"column":2},"end":{"line":103,"column":3}},"type":"if","locations":[{"start":{"line":101,"column":2},"end":{"line":103,"column":3}},{"start":{},"end":{}}]}},"s":{"0":2,"1":2,"2":1,"3":1,"4":1,"5":0,"6":1,"7":1,"8":1,"9":1,"10":3,"11":3,"12":0,"13":3,"14":3,"15":1,"16":2,"17":2,"18":1,"19":1,"20":0,"21":1,"22":0,"23":0},"f":{"0":2,"1":3,"2":1,"3":0},"b":{"0":[1,1],"1":[0,1],"2":[0,3],"3":[1,2],"4":[0,1]}}
,"C:\\Users\\Ali\\Desktop\\artm\\backend\\src\\services\\cotisation.service.ts": {"path":"C:\\Users\\Ali\\Desktop\\artm\\backend\\src\\services\\cotisation.service.ts","statementMap":{"0":{"start":{"line":7,"column":17},"end":{"line":10,"column":4}},"1":{"start":{"line":11,"column":2},"end":{"line":13,"column":3}},"2":{"start":{"line":12,"column":4},"end":{"line":12,"column":42}},"3":{"start":{"line":15,"column":18},"end":{"line":15,"column":55}},"4":{"start":{"line":16,"column":16},"end":{"line":16,"column":45}},"5":{"start":{"line":17,"column":21},"end":{"line":17,"column":31}},"6":{"start":{"line":19,"column":26},"end":{"line":19,"column":28}},"7":{"start":{"line":22,"column":14},"end":{"line":22,"column":33}},"8":{"start":{"line":23,"column":13},"end":{"line":23,"column":33}},"9":{"start":{"line":25,"column":2},"end":{"line":56,"column":3}},"10":{"start":{"line":30,"column":22},"end":{"line":30,"column":77}},"11":{"start":{"line":32,"column":4},"end":{"line":48,"column":5}},"12":{"start":{"line":34,"column":27},"end":{"line":34,"column":51}},"13":{"start":{"line":37,"column":21},"end":{"line":37,"column":67}},"14":{"start":{"line":39,"column":23},"end":{"line":46,"column":8}},"15":{"start":{"line":47,"column":6},"end":{"line":47,"column":37}},"16":{"start":{"line":51,"column":4},"end":{"line":51,"column":11}},"17":{"start":{"line":52,"column":4},"end":{"line":55,"column":5}},"18":{"start":{"line":53,"column":6},"end":{"line":53,"column":15}},"19":{"start":{"line":54,"column":6},"end":{"line":54,"column":14}},"20":{"start":{"line":58,"column":2},"end":{"line":58,"column":25}},"21":{"start":{"line":63,"column":22},"end":{"line":63,"column":65}},"22":{"start":{"line":65,"column":19},"end":{"line":65,"column":77}},"23":{"start":{"line":65,"column":45},"end":{"line":65,"column":69}},"24":{"start":{"line":66,"column":16},"end":{"line":66,"column":30}},"25":{"start":{"line":68,"column":2},"end":{"line":72,"column":4}}},"fnMap":{"0":{"name":"genererEcheances","decl":{"start":{"line":6,"column":22},"end":{"line":6,"column":38}},"loc":{"start":{"line":6,"column":55},"end":{"line":59,"column":1}}},"1":{"name":"getCotisationsMembre","decl":{"start":{"line":62,"column":22},"end":{"line":62,"column":42}},"loc":{"start":{"line":62,"column":59},"end":{"line":73,"column":1}}},"2":{"name":"(anonymous_2)","decl":{"start":{"line":65,"column":38},"end":{"line":65,"column":39}},"loc":{"start":{"line":65,"column":45},"end":{"line":65,"column":69}}}},"branchMap":{"0":{"loc":{"start":{"line":11,"column":2},"end":{"line":13,"column":3}},"type":"if","locations":[{"start":{"line":11,"column":2},"end":{"line":13,"column":3}},{"start":{},"end":{}}]},"1":{"loc":{"start":{"line":26,"column":4},"end":{"line":27,"column":77}},"type":"binary-expr","locations":[{"start":{"line":26,"column":4},"end":{"line":26,"column":36}},{"start":{"line":27,"column":5},"end":{"line":27,"column":39}},{"start":{"line":27,"column":43},"end":{"line":27,"column":76}}]},"2":{"loc":{"start":{"line":32,"column":4},"end":{"line":48,"column":5}},"type":"if","locations":[{"start":{"line":32,"column":4},"end":{"line":48,"column":5}},{"start":{},"end":{}}]},"3":{"loc":{"start":{"line":52,"column":4},"end":{"line":55,"column":5}},"type":"if","locations":[{"start":{"line":52,"column":4},"end":{"line":55,"column":5}},{"start":{},"end":{}}]}},"s":{"0":0,"1":0,"2":0,"3":0,"4":0,"5":0,"6":0,"7":0,"8":0,"9":0,"10":0,"11":0,"12":0,"13":0,"14":0,"15":0,"16":0,"17":0,"18":0,"19":0,"20":0,"21":0,"22":0,"23":0,"24":0,"25":0},"f":{"0":0,"1":0,"2":0},"b":{"0":[0,0],"1":[0,0,0],"2":[0,0],"3":[0,0]}}
,"C:\\Users\\Ali\\Desktop\\artm\\backend\\src\\services\\membre.service.ts": {"path":"C:\\Users\\Ali\\Desktop\\artm\\backend\\src\\services\\membre.service.ts","statementMap":{"0":{"start":{"line":6,"column":18},"end":{"line":13,"column":4}},"1":{"start":{"line":16,"column":2},"end":{"line":28,"column":5}},"2":{"start":{"line":17,"column":21},"end":{"line":17,"column":81}},"3":{"start":{"line":17,"column":49},"end":{"line":17,"column":73}},"4":{"start":{"line":18,"column":4},"end":{"line":27,"column":6}},"5":{"start":{"line":32,"column":15},"end":{"line":32,"column":80}},"6":{"start":{"line":33,"column":2},"end":{"line":35,"column":3}},"7":{"start":{"line":34,"column":4},"end":{"line":34,"column":40}},"8":{"start":{"line":36,"column":17},"end":{"line":40,"column":4}},"9":{"start":{"line":41,"column":2},"end":{"line":46,"column":4}},"10":{"start":{"line":51,"column":2},"end":{"line":54,"column":5}},"11":{"start":{"line":55,"column":2},"end":{"line":55,"column":41}},"12":{"start":{"line":60,"column":2},"end":{"line":63,"column":5}},"13":{"start":{"line":64,"column":2},"end":{"line":64,"column":40}},"14":{"start":{"line":70,"column":2},"end":{"line":83,"column":5}},"15":{"start":{"line":72,"column":22},"end":{"line":72,"column":73}},"16":{"start":{"line":73,"column":24},"end":{"line":73,"column":50}},"17":{"start":{"line":73,"column":45},"end":{"line":73,"column":49}},"18":{"start":{"line":74,"column":4},"end":{"line":76,"column":5}},"19":{"start":{"line":75,"column":6},"end":{"line":75,"column":79}},"20":{"start":{"line":78,"column":4},"end":{"line":78,"column":58}},"21":{"start":{"line":80,"column":4},"end":{"line":80,"column":60}},"22":{"start":{"line":82,"column":4},"end":{"line":82,"column":56}},"23":{"start":{"line":84,"column":2},"end":{"line":84,"column":55}},"24":{"start":{"line":88,"column":24},"end":{"line":88,"column":77}},"25":{"start":{"line":91,"column":21},"end":{"line":91,"column":31}},"26":{"start":{"line":92,"column":15},"end":{"line":92,"column":40}},"27":{"start":{"line":93,"column":16},"end":{"line":93,"column":40}},"28":{"start":{"line":95,"column":28},"end":{"line":97,"column":4}},"29":{"start":{"line":98,"column":17},"end":{"line":98,"column":70}},"30":{"start":{"line":98,"column":49},"end":{"line":98,"column":69}},"31":{"start":{"line":99,"column":24},"end":{"line":99,"column":73}},"32":{"start":{"line":99,"column":48},"end":{"line":99,"column":69}},"33":{"start":{"line":100,"column":23},"end":{"line":102,"column":7}},"34":{"start":{"line":104,"column":2},"end":{"line":110,"column":4}},"35":{"start":{"line":115,"column":17},"end":{"line":115,"column":76}},"36":{"start":{"line":116,"column":2},"end":{"line":118,"column":3}},"37":{"start":{"line":117,"column":4},"end":{"line":117,"column":42}},"38":{"start":{"line":119,"column":2},"end":{"line":123,"column":5}},"39":{"start":{"line":124,"column":2},"end":{"line":124,"column":40}}},"fnMap":{"0":{"name":"getTousMembres","decl":{"start":{"line":5,"column":22},"end":{"line":5,"column":36}},"loc":{"start":{"line":5,"column":36},"end":{"line":29,"column":1}}},"1":{"name":"(anonymous_1)","decl":{"start":{"line":16,"column":21},"end":{"line":16,"column":22}},"loc":{"start":{"line":16,"column":27},"end":{"line":28,"column":3}}},"2":{"name":"(anonymous_2)","decl":{"start":{"line":17,"column":42},"end":{"line":17,"column":43}},"loc":{"start":{"line":17,"column":49},"end":{"line":17,"column":73}}},"3":{"name":"changerRole","decl":{"start":{"line":31,"column":22},"end":{"line":31,"column":33}},"loc":{"start":{"line":31,"column":71},"end":{"line":47,"column":1}}},"4":{"name":"desactiverMembre","decl":{"start":{"line":50,"column":22},"end":{"line":50,"column":38}},"loc":{"start":{"line":50,"column":55},"end":{"line":56,"column":1}}},"5":{"name":"reactiverMembre","decl":{"start":{"line":59,"column":22},"end":{"line":59,"column":37}},"loc":{"start":{"line":59,"column":54},"end":{"line":65,"column":1}}},"6":{"name":"supprimerMembre","decl":{"start":{"line":68,"column":22},"end":{"line":68,"column":37}},"loc":{"start":{"line":68,"column":54},"end":{"line":85,"column":1}}},"7":{"name":"(anonymous_7)","decl":{"start":{"line":70,"column":28},"end":{"line":70,"column":33}},"loc":{"start":{"line":70,"column":41},"end":{"line":83,"column":3}}},"8":{"name":"(anonymous_8)","decl":{"start":{"line":73,"column":38},"end":{"line":73,"column":39}},"loc":{"start":{"line":73,"column":45},"end":{"line":73,"column":49}}},"9":{"name":"getResume","decl":{"start":{"line":87,"column":22},"end":{"line":87,"column":31}},"loc":{"start":{"line":87,"column":31},"end":{"line":111,"column":1}}},"10":{"name":"(anonymous_10)","decl":{"start":{"line":98,"column":42},"end":{"line":98,"column":43}},"loc":{"start":{"line":98,"column":49},"end":{"line":98,"column":69}}},"11":{"name":"(anonymous_11)","decl":{"start":{"line":99,"column":38},"end":{"line":99,"column":39}},"loc":{"start":{"line":99,"column":48},"end":{"line":99,"column":69}}},"12":{"name":"relancerMembre","decl":{"start":{"line":114,"column":22},"end":{"line":114,"column":36}},"loc":{"start":{"line":114,"column":53},"end":{"line":125,"column":1}}}},"branchMap":{"0":{"loc":{"start":{"line":33,"column":2},"end":{"line":35,"column":3}},"type":"if","locations":[{"start":{"line":33,"column":2},"end":{"line":35,"column":3}},{"start":{},"end":{}}]},"1":{"loc":{"start":{"line":74,"column":4},"end":{"line":76,"column":5}},"type":"if","locations":[{"start":{"line":74,"column":4},"end":{"line":76,"column":5}},{"start":{},"end":{}}]},"2":{"loc":{"start":{"line":100,"column":23},"end":{"line":102,"column":7}},"type":"cond-expr","locations":[{"start":{"line":101,"column":6},"end":{"line":101,"column":66}},{"start":{"line":102,"column":6},"end":{"line":102,"column":7}}]},"3":{"loc":{"start":{"line":116,"column":2},"end":{"line":118,"column":3}},"type":"if","locations":[{"start":{"line":116,"column":2},"end":{"line":118,"column":3}},{"start":{},"end":{}}]}},"s":{"0":0,"1":0,"2":0,"3":0,"4":0,"5":0,"6":0,"7":0,"8":0,"9":0,"10":0,"11":0,"12":0,"13":0,"14":0,"15":0,"16":0,"17":0,"18":0,"19":0,"20":0,"21":0,"22":0,"23":0,"24":0,"25":0,"26":0,"27":0,"28":0,"29":0,"30":0,"31":0,"32":0,"33":0,"34":0,"35":0,"36":0,"37":0,"38":0,"39":0},"f":{"0":0,"1":0,"2":0,"3":0,"4":0,"5":0,"6":0,"7":0,"8":0,"9":0,"10":0,"11":0,"12":0},"b":{"0":[0,0],"1":[0,0],"2":[0,0],"3":[0,0]}}
,"C:\\Users\\Ali\\Desktop\\artm\\backend\\src\\services\\paiement.service.ts": {"path":"C:\\Users\\Ali\\Desktop\\artm\\backend\\src\\services\\paiement.service.ts","statementMap":{"0":{"start":{"line":8,"column":24},"end":{"line":8,"column":54}},"1":{"start":{"line":17,"column":2},"end":{"line":19,"column":3}},"2":{"start":{"line":18,"column":4},"end":{"line":18,"column":49}},"3":{"start":{"line":22,"column":21},"end":{"line":25,"column":4}},"4":{"start":{"line":26,"column":2},"end":{"line":28,"column":3}},"5":{"start":{"line":27,"column":4},"end":{"line":27,"column":46}},"6":{"start":{"line":29,"column":2},"end":{"line":31,"column":3}},"7":{"start":{"line":30,"column":4},"end":{"line":30,"column":63}},"8":{"start":{"line":33,"column":2},"end":{"line":35,"column":3}},"9":{"start":{"line":34,"column":4},"end":{"line":34,"column":69}},"10":{"start":{"line":37,"column":2},"end":{"line":39,"column":3}},"11":{"start":{"line":38,"column":4},"end":{"line":38,"column":55}},"12":{"start":{"line":42,"column":19},"end":{"line":48,"column":4}},"13":{"start":{"line":50,"column":2},"end":{"line":53,"column":5}},"14":{"start":{"line":55,"column":2},"end":{"line":55,"column":18}},"15":{"start":{"line":60,"column":19},"end":{"line":60,"column":58}},"16":{"start":{"line":61,"column":2},"end":{"line":63,"column":3}},"17":{"start":{"line":62,"column":4},"end":{"line":62,"column":44}},"18":{"start":{"line":64,"column":2},"end":{"line":66,"column":3}},"19":{"start":{"line":65,"column":4},"end":{"line":65,"column":70}},"20":{"start":{"line":69,"column":25},"end":{"line":69,"column":90}},"21":{"start":{"line":71,"column":2},"end":{"line":74,"column":5}},"22":{"start":{"line":77,"column":17},"end":{"line":80,"column":null}},"23":{"start":{"line":83,"column":15},"end":{"line":83,"column":60}},"24":{"start":{"line":84,"column":2},"end":{"line":90,"column":5}},"25":{"start":{"line":92,"column":3},"end":{"line":92,"column":45}},"26":{"start":{"line":97,"column":19},"end":{"line":97,"column":58}},"27":{"start":{"line":98,"column":2},"end":{"line":100,"column":3}},"28":{"start":{"line":99,"column":4},"end":{"line":99,"column":44}},"29":{"start":{"line":101,"column":2},"end":{"line":103,"column":3}},"30":{"start":{"line":102,"column":4},"end":{"line":102,"column":70}},"31":{"start":{"line":105,"column":2},"end":{"line":105,"column":56}},"32":{"start":{"line":108,"column":2},"end":{"line":111,"column":5}},"33":{"start":{"line":112,"column":3},"end":{"line":119,"column":5}},"34":{"start":{"line":121,"column":2},"end":{"line":121,"column":40}},"35":{"start":{"line":126,"column":2},"end":{"line":126,"column":38}}},"fnMap":{"0":{"name":"declarerPaiement","decl":{"start":{"line":11,"column":22},"end":{"line":11,"column":38}},"loc":{"start":{"line":14,"column":14},"end":{"line":56,"column":1}}},"1":{"name":"validerPaiement","decl":{"start":{"line":59,"column":22},"end":{"line":59,"column":37}},"loc":{"start":{"line":59,"column":56},"end":{"line":93,"column":1}}},"2":{"name":"rejeterPaiement","decl":{"start":{"line":96,"column":22},"end":{"line":96,"column":37}},"loc":{"start":{"line":96,"column":56},"end":{"line":122,"column":1}}},"3":{"name":"getPaiementsEnAttente","decl":{"start":{"line":125,"column":22},"end":{"line":125,"column":43}},"loc":{"start":{"line":125,"column":43},"end":{"line":127,"column":1}}}},"branchMap":{"0":{"loc":{"start":{"line":17,"column":2},"end":{"line":19,"column":3}},"type":"if","locations":[{"start":{"line":17,"column":2},"end":{"line":19,"column":3}},{"start":{},"end":{}}]},"1":{"loc":{"start":{"line":26,"column":2},"end":{"line":28,"column":3}},"type":"if","locations":[{"start":{"line":26,"column":2},"end":{"line":28,"column":3}},{"start":{},"end":{}}]},"2":{"loc":{"start":{"line":29,"column":2},"end":{"line":31,"column":3}},"type":"if","locations":[{"start":{"line":29,"column":2},"end":{"line":31,"column":3}},{"start":{},"end":{}}]},"3":{"loc":{"start":{"line":33,"column":2},"end":{"line":35,"column":3}},"type":"if","locations":[{"start":{"line":33,"column":2},"end":{"line":35,"column":3}},{"start":{},"end":{}}]},"4":{"loc":{"start":{"line":37,"column":2},"end":{"line":39,"column":3}},"type":"if","locations":[{"start":{"line":37,"column":2},"end":{"line":39,"column":3}},{"start":{},"end":{}}]},"5":{"loc":{"start":{"line":61,"column":2},"end":{"line":63,"column":3}},"type":"if","locations":[{"start":{"line":61,"column":2},"end":{"line":63,"column":3}},{"start":{},"end":{}}]},"6":{"loc":{"start":{"line":64,"column":2},"end":{"line":66,"column":3}},"type":"if","locations":[{"start":{"line":64,"column":2},"end":{"line":66,"column":3}},{"start":{},"end":{}}]},"7":{"loc":{"start":{"line":98,"column":2},"end":{"line":100,"column":3}},"type":"if","locations":[{"start":{"line":98,"column":2},"end":{"line":100,"column":3}},{"start":{},"end":{}}]},"8":{"loc":{"start":{"line":101,"column":2},"end":{"line":103,"column":3}},"type":"if","locations":[{"start":{"line":101,"column":2},"end":{"line":103,"column":3}},{"start":{},"end":{}}]}},"s":{"0":1,"1":0,"2":0,"3":0,"4":0,"5":0,"6":0,"7":0,"8":0,"9":0,"10":0,"11":0,"12":0,"13":0,"14":0,"15":0,"16":0,"17":0,"18":0,"19":0,"20":0,"21":0,"22":0,"23":0,"24":0,"25":0,"26":0,"27":0,"28":0,"29":0,"30":0,"31":0,"32":0,"33":0,"34":0,"35":0},"f":{"0":0,"1":0,"2":0,"3":0},"b":{"0":[0,0],"1":[0,0],"2":[0,0],"3":[0,0],"4":[0,0],"5":[0,0],"6":[0,0],"7":[0,0],"8":[0,0]}}
,"C:\\Users\\Ali\\Desktop\\artm\\backend\\src\\utils\\auth.ts": {"path":"C:\\Users\\Ali\\Desktop\\artm\\backend\\src\\utils\\auth.ts","statementMap":{"0":{"start":{"line":4,"column":19},"end":{"line":4,"column":64}},"1":{"start":{"line":5,"column":24},"end":{"line":5,"column":58}},"2":{"start":{"line":9,"column":2},"end":{"line":9,"column":35}},"3":{"start":{"line":17,"column":2},"end":{"line":17,"column":40}},"4":{"start":{"line":22,"column":2},"end":{"line":22,"column":70}},"5":{"start":{"line":27,"column":2},"end":{"line":27,"column":71}}},"fnMap":{"0":{"name":"hashPassword","decl":{"start":{"line":8,"column":22},"end":{"line":8,"column":34}},"loc":{"start":{"line":8,"column":51},"end":{"line":10,"column":1}}},"1":{"name":"verifyPassword","decl":{"start":{"line":13,"column":22},"end":{"line":13,"column":36}},"loc":{"start":{"line":15,"column":14},"end":{"line":18,"column":1}}},"2":{"name":"generateToken","decl":{"start":{"line":21,"column":16},"end":{"line":21,"column":29}},"loc":{"start":{"line":21,"column":67},"end":{"line":23,"column":1}}},"3":{"name":"verifyToken","decl":{"start":{"line":26,"column":16},"end":{"line":26,"column":27}},"loc":{"start":{"line":26,"column":41},"end":{"line":28,"column":1}}}},"branchMap":{"0":{"loc":{"start":{"line":4,"column":19},"end":{"line":4,"column":64}},"type":"binary-expr","locations":[{"start":{"line":4,"column":19},"end":{"line":4,"column":41}},{"start":{"line":4,"column":45},"end":{"line":4,"column":64}}]},"1":{"loc":{"start":{"line":5,"column":24},"end":{"line":5,"column":58}},"type":"binary-expr","locations":[{"start":{"line":5,"column":24},"end":{"line":5,"column":50}},{"start":{"line":5,"column":54},"end":{"line":5,"column":58}}]}},"s":{"0":1,"1":1,"2":1,"3":3,"4":3,"5":1},"f":{"0":1,"1":3,"2":3,"3":1},"b":{"0":[1,0],"1":[1,0]}}
,"C:\\Users\\Ali\\Desktop\\artm\\backend\\src\\utils\\cotisation.utils.ts": {"path":"C:\\Users\\Ali\\Desktop\\artm\\backend\\src\\utils\\cotisation.utils.ts","statementMap":{"0":{"start":{"line":7,"column":19},"end":{"line":7,"column":42}},"1":{"start":{"line":8,"column":18},"end":{"line":8,"column":42}},"2":{"start":{"line":9,"column":2},"end":{"line":9,"column":68}},"3":{"start":{"line":18,"column":2},"end":{"line":18,"column":68}},"4":{"start":{"line":27,"column":2},"end":{"line":27,"column":72}},"5":{"start":{"line":34,"column":2},"end":{"line":36,"column":56}},"6":{"start":{"line":35,"column":19},"end":{"line":35,"column":39}},"7":{"start":{"line":36,"column":26},"end":{"line":36,"column":51}}},"fnMap":{"0":{"name":"estMoisPasse","decl":{"start":{"line":2,"column":16},"end":{"line":2,"column":28}},"loc":{"start":{"line":5,"column":30},"end":{"line":10,"column":1}}},"1":{"name":"calculerStatutInitial","decl":{"start":{"line":13,"column":16},"end":{"line":13,"column":37}},"loc":{"start":{"line":16,"column":30},"end":{"line":19,"column":1}}},"2":{"name":"genererNumeroRecu","decl":{"start":{"line":22,"column":16},"end":{"line":22,"column":33}},"loc":{"start":{"line":25,"column":20},"end":{"line":28,"column":1}}},"3":{"name":"calculerTotalDu","decl":{"start":{"line":31,"column":16},"end":{"line":31,"column":31}},"loc":{"start":{"line":32,"column":52},"end":{"line":37,"column":1}}},"4":{"name":"(anonymous_4)","decl":{"start":{"line":35,"column":12},"end":{"line":35,"column":13}},"loc":{"start":{"line":35,"column":19},"end":{"line":35,"column":39}}},"5":{"name":"(anonymous_5)","decl":{"start":{"line":36,"column":12},"end":{"line":36,"column":13}},"loc":{"start":{"line":36,"column":26},"end":{"line":36,"column":51}}}},"branchMap":{"0":{"loc":{"start":{"line":5,"column":2},"end":{"line":5,"column":30}},"type":"default-arg","locations":[{"start":{"line":5,"column":20},"end":{"line":5,"column":30}}]},"1":{"loc":{"start":{"line":9,"column":9},"end":{"line":9,"column":67}},"type":"binary-expr","locations":[{"start":{"line":9,"column":9},"end":{"line":9,"column":25}},{"start":{"line":9,"column":30},"end":{"line":9,"column":48}},{"start":{"line":9,"column":52},"end":{"line":9,"column":66}}]},"2":{"loc":{"start":{"line":16,"column":2},"end":{"line":16,"column":30}},"type":"default-arg","locations":[{"start":{"line":16,"column":20},"end":{"line":16,"column":30}}]},"3":{"loc":{"start":{"line":18,"column":9},"end":{"line":18,"column":67}},"type":"cond-expr","locations":[{"start":{"line":18,"column":48},"end":{"line":18,"column":59}},{"start":{"line":18,"column":62},"end":{"line":18,"column":67}}]}},"s":{"0":6,"1":6,"2":6,"3":2,"4":2,"5":2,"6":5,"7":2},"f":{"0":6,"1":2,"2":2,"3":2,"4":5,"5":2},"b":{"0":[0],"1":[6,5,5],"2":[0],"3":[1,1]}}
}
