TN:
SF:src\app.ts
FN:25,(anonymous_0)
FN:45,(anonymous_1)
FN:46,(anonymous_2)
FNF:3
FNH:0
FNDA:0,(anonymous_0)
FNDA:0,(anonymous_1)
FNDA:0,(anonymous_2)
DA:14,1
DA:16,1
DA:17,1
DA:20,1
DA:21,1
DA:22,1
DA:25,1
DA:26,0
DA:34,1
DA:35,1
DA:36,1
DA:37,1
DA:38,1
DA:39,1
DA:41,1
DA:44,1
DA:45,0
DA:46,0
DA:47,0
LF:19
LH:15
BRDA:17,0,0,1
BRDA:17,0,1,0
BRDA:44,1,0,0
BRDA:44,1,1,1
BRF:4
BRH:2
end_of_record
TN:
SF:src\config\mongo.ts
FN:5,connectMongo
FNF:1
FNH:0
FNDA:0,connectMongo
DA:3,1
DA:6,0
DA:7,0
DA:8,0
DA:10,0
DA:11,0
LF:6
LH:1
BRDA:3,0,0,1
BRDA:3,0,1,0
BRF:2
BRH:1
end_of_record
TN:
SF:src\config\prisma.ts
FNF:0
FNH:0
DA:3,1
LF:1
LH:1
BRF:0
BRH:0
end_of_record
TN:
SF:src\config\swagger.ts
FNF:0
FNH:0
DA:3,1
DA:29,1
LF:2
LH:2
BRF:0
BRH:0
end_of_record
TN:
SF:src\controllers\annonce.controller.ts
FN:7,publier
FN:27,lister
FN:38,modifier
FN:51,supprimer
FNF:4
FNH:0
FNDA:0,publier
FNDA:0,lister
FNDA:0,modifier
FNDA:0,supprimer
DA:8,0
DA:9,0
DA:10,0
DA:11,0
DA:13,0
DA:18,0
DA:21,0
DA:22,0
DA:28,0
DA:29,0
DA:30,0
DA:33,0
DA:34,0
DA:39,0
DA:40,0
DA:41,0
DA:42,0
DA:43,0
DA:45,0
DA:46,0
DA:52,0
DA:53,0
DA:54,0
DA:55,0
DA:57,0
DA:58,0
LF:26
LH:0
BRDA:10,0,0,0
BRDA:10,0,1,0
BRDA:10,1,0,0
BRDA:10,1,1,0
BRDA:21,2,0,0
BRDA:21,2,1,0
BRDA:33,3,0,0
BRDA:33,3,1,0
BRDA:41,4,0,0
BRDA:41,4,1,0
BRDA:45,5,0,0
BRDA:45,5,1,0
BRDA:53,6,0,0
BRDA:53,6,1,0
BRDA:57,7,0,0
BRDA:57,7,1,0
BRF:16
BRH:0
end_of_record
TN:
SF:src\controllers\auth.controller.ts
FN:5,register
FN:16,login
FN:26,me
FN:36,updateMe
FNF:4
FNH:3
FNDA:2,register
FNDA:3,login
FNDA:1,me
FNDA:0,updateMe
DA:6,2
DA:7,2
DA:8,1
DA:11,1
DA:12,1
DA:17,3
DA:18,3
DA:19,2
DA:22,1
DA:23,1
DA:27,1
DA:28,1
DA:29,1
DA:32,0
DA:33,0
DA:37,0
DA:38,0
DA:39,0
DA:40,0
DA:42,0
DA:43,0
LF:21
LH:13
BRDA:11,0,0,1
BRDA:11,0,1,0
BRDA:22,1,0,1
BRDA:22,1,1,0
BRDA:32,2,0,0
BRDA:32,2,1,0
BRDA:42,3,0,0
BRDA:42,3,1,0
BRF:8
BRH:2
end_of_record
TN:
SF:src\controllers\cotisation.controller.ts
FN:6,generer
FN:21,mesCotisations
FNF:2
FNH:0
FNDA:0,generer
FNDA:0,mesCotisations
DA:7,0
DA:8,0
DA:9,0
DA:15,0
DA:16,0
DA:22,0
DA:23,0
DA:24,0
DA:27,0
DA:28,0
LF:10
LH:0
BRDA:15,0,0,0
BRDA:15,0,1,0
BRDA:27,1,0,0
BRDA:27,1,1,0
BRF:4
BRH:0
end_of_record
TN:
SF:src\controllers\membre.controller.ts
FN:5,liste
FN:15,changerRole
FN:28,desactiver
FN:39,reactiver
FN:50,supprimer
FN:59,resume
FN:69,relancer
FNF:7
FNH:0
FNDA:0,liste
FNDA:0,changerRole
FNDA:0,desactiver
FNDA:0,reactiver
FNDA:0,supprimer
FNDA:0,resume
FNDA:0,relancer
DA:6,0
DA:7,0
DA:8,0
DA:10,0
DA:11,0
DA:16,0
DA:17,0
DA:18,0
DA:19,0
DA:20,0
DA:22,0
DA:23,0
DA:29,0
DA:30,0
DA:31,0
DA:33,0
DA:34,0
DA:40,0
DA:41,0
DA:42,0
DA:44,0
DA:45,0
DA:51,0
DA:52,0
DA:53,0
DA:55,0
DA:56,0
DA:60,0
DA:61,0
DA:62,0
DA:64,0
DA:65,0
DA:70,0
DA:71,0
DA:72,0
DA:74,0
DA:75,0
LF:37
LH:0
BRDA:10,0,0,0
BRDA:10,0,1,0
BRDA:22,1,0,0
BRDA:22,1,1,0
BRDA:33,2,0,0
BRDA:33,2,1,0
BRDA:44,3,0,0
BRDA:44,3,1,0
BRDA:55,4,0,0
BRDA:55,4,1,0
BRDA:64,5,0,0
BRDA:64,5,1,0
BRDA:74,6,0,0
BRDA:74,6,1,0
BRF:14
BRH:0
end_of_record
TN:
SF:src\controllers\notification.controller.ts
FN:6,mesNotifications
FN:18,marquerLue
FNF:2
FNH:0
FNDA:0,mesNotifications
FNDA:0,marquerLue
DA:7,0
DA:8,0
DA:9,0
DA:12,0
DA:13,0
DA:19,0
DA:20,0
DA:21,0
DA:22,0
DA:25,0
DA:26,0
LF:11
LH:0
BRDA:12,0,0,0
BRDA:12,0,1,0
BRDA:20,1,0,0
BRDA:20,1,1,0
BRDA:25,2,0,0
BRDA:25,2,1,0
BRF:6
BRH:0
end_of_record
TN:
SF:src\controllers\paiement.controller.ts
FN:6,declarer
FN:26,valider
FN:42,rejeter
FN:55,enAttente
FNF:4
FNH:0
FNDA:0,declarer
FNDA:0,valider
FNDA:0,rejeter
FNDA:0,enAttente
DA:7,0
DA:8,0
DA:9,0
DA:14,0
DA:20,0
DA:21,0
DA:27,0
DA:28,0
DA:29,0
DA:30,0
DA:36,0
DA:37,0
DA:43,0
DA:44,0
DA:45,0
DA:46,0
DA:49,0
DA:50,0
DA:56,0
DA:57,0
DA:58,0
DA:61,0
DA:62,0
LF:23
LH:0
BRDA:20,0,0,0
BRDA:20,0,1,0
BRDA:36,1,0,0
BRDA:36,1,1,0
BRDA:49,2,0,0
BRDA:49,2,1,0
BRDA:61,3,0,0
BRDA:61,3,1,0
BRF:8
BRH:0
end_of_record
TN:
SF:src\middlewares\auth.middleware.ts
FN:10,authenticate
FN:33,authorize
FN:34,(anonymous_2)
FNF:3
FNH:2
FNDA:2,authenticate
FNDA:13,authorize
FNDA:0,(anonymous_2)
DA:15,2
DA:17,2
DA:18,1
DA:21,1
DA:23,1
DA:24,1
DA:25,1
DA:26,1
DA:28,0
DA:34,13
DA:35,0
DA:36,0
DA:38,0
LF:13
LH:9
BRDA:17,0,0,1
BRDA:17,0,1,1
BRDA:17,1,0,2
BRDA:17,1,1,1
BRDA:35,2,0,0
BRDA:35,2,1,0
BRDA:35,3,0,0
BRDA:35,3,1,0
BRF:8
BRH:4
end_of_record
TN:
SF:src\models\annonce.model.ts
FNF:0
FNH:0
DA:3,1
DA:10,1
LF:2
LH:2
BRF:0
BRH:0
end_of_record
TN:
SF:src\models\notification.model.ts
FNF:0
FNH:0
DA:3,1
DA:12,1
DA:14,1
LF:3
LH:3
BRF:0
BRH:0
end_of_record
TN:
SF:src\repositories\annonce.repository.ts
FN:4,create
FN:13,findAll
FN:17,update
FN:22,remove
FNF:4
FNH:0
FNDA:0,create
FNDA:0,findAll
FNDA:0,update
FNDA:0,remove
DA:9,0
DA:14,0
DA:18,0
DA:23,0
LF:4
LH:0
BRF:0
BRH:0
end_of_record
TN:
SF:src\repositories\cotisation.repository.ts
FN:4,findByMembre
FN:13,findPeriode
FN:22,create
FN:34,updateStatut
FNF:4
FNH:0
FNDA:0,findByMembre
FNDA:0,findPeriode
FNDA:0,create
FNDA:0,updateStatut
DA:5,0
DA:14,0
DA:30,0
DA:35,0
LF:4
LH:0
BRF:0
BRH:0
end_of_record
TN:
SF:src\repositories\notification.repository.ts
FN:4,create
FN:13,findByMembre
FN:18,marquerLue
FNF:3
FNH:0
FNDA:0,create
FNDA:0,findByMembre
FNDA:0,marquerLue
DA:9,0
DA:14,0
DA:19,0
LF:3
LH:0
BRF:0
BRH:0
end_of_record
TN:
SF:src\repositories\paiement.repository.ts
FN:4,create
FN:15,findById
FN:23,findEnAttente
FN:32,updateStatut
FNF:4
FNH:0
FNDA:0,create
FNDA:0,findById
FNDA:0,findEnAttente
FNDA:0,updateStatut
DA:11,0
DA:16,0
DA:24,0
DA:37,0
LF:4
LH:0
BRF:0
BRH:0
end_of_record
TN:
SF:src\repositories\recu.repository.ts
FN:4,create
FN:9,findByPaiement
FNF:2
FNH:0
FNDA:0,create
FNDA:0,findByPaiement
DA:5,0
DA:10,0
LF:2
LH:0
BRF:0
BRH:0
end_of_record
TN:
SF:src\routes\annonce.routes.ts
FNF:0
FNH:0
DA:5,1
DA:44,1
DA:47,1
DA:93,1
DA:94,1
LF:5
LH:5
BRF:0
BRH:0
end_of_record
TN:
SF:src\routes\auth.routes.ts
FNF:0
FNH:0
DA:5,1
DA:37,1
DA:59,1
DA:89,1
DA:90,1
LF:5
LH:5
BRF:0
BRH:0
end_of_record
TN:
SF:src\routes\cotisation.routes.ts
FNF:0
FNH:0
DA:5,1
DA:26,1
DA:39,1
LF:3
LH:3
BRF:0
BRH:0
end_of_record
TN:
SF:src\routes\membre.routes.ts
FNF:0
FNH:0
DA:5,1
DA:27,1
DA:40,1
DA:58,1
DA:84,1
DA:102,1
DA:120,1
DA:138,1
LF:8
LH:8
BRF:0
BRH:0
end_of_record
TN:
SF:src\routes\notification.routes.ts
FNF:0
FNH:0
DA:5,1
DA:26,1
DA:44,1
LF:3
LH:3
BRF:0
BRH:0
end_of_record
TN:
SF:src\routes\paiement.routes.ts
FNF:0
FNH:0
DA:5,1
DA:36,1
DA:51,1
DA:75,1
DA:99,1
LF:5
LH:5
BRF:0
BRH:0
end_of_record
TN:
SF:src\services\annonce.service.ts
FN:3,modifierAnnonce
FN:14,supprimerAnnonce
FNF:2
FNH:0
FNDA:0,modifierAnnonce
FNDA:0,supprimerAnnonce
DA:4,0
DA:5,0
DA:7,0
DA:8,0
DA:9,0
DA:11,0
DA:15,0
DA:16,0
DA:17,0
DA:19,0
LF:10
LH:0
BRDA:4,0,0,0
BRDA:4,0,1,0
BRDA:4,1,0,0
BRDA:4,1,1,0
BRDA:8,2,0,0
BRDA:8,2,1,0
BRDA:16,3,0,0
BRDA:16,3,1,0
BRF:8
BRH:0
end_of_record
TN:
SF:src\services\auth.service.ts
FN:18,register
FN:63,login
FN:96,getProfile
FN:116,updateProfile
FNF:4
FNH:3
FNDA:2,register
FNDA:3,login
FNDA:1,getProfile
FNDA:0,updateProfile
DA:20,2
DA:23,2
DA:24,1
DA:28,1
DA:31,1
DA:32,0
DA:36,1
DA:37,1
DA:49,1
DA:50,1
DA:64,3
DA:69,3
DA:70,0
DA:75,3
DA:79,3
DA:80,1
DA:83,2
DA:84,2
DA:97,1
DA:101,1
DA:102,0
DA:104,1
DA:120,0
DA:129,0
LF:24
LH:19
BRDA:23,0,0,1
BRDA:23,0,1,1
BRDA:31,1,0,0
BRDA:31,1,1,1
BRDA:69,2,0,0
BRDA:69,2,1,3
BRDA:79,3,0,1
BRDA:79,3,1,2
BRDA:101,4,0,0
BRDA:101,4,1,1
BRF:10
BRH:7
end_of_record
TN:
SF:src\services\cotisation.service.ts
FN:6,genererEcheances
FN:62,getCotisationsMembre
FN:65,(anonymous_2)
FNF:3
FNH:0
FNDA:0,genererEcheances
FNDA:0,getCotisationsMembre
FNDA:0,(anonymous_2)
DA:7,0
DA:11,0
DA:12,0
DA:15,0
DA:16,0
DA:17,0
DA:19,0
DA:22,0
DA:23,0
DA:25,0
DA:30,0
DA:32,0
DA:34,0
DA:37,0
DA:39,0
DA:47,0
DA:51,0
DA:52,0
DA:53,0
DA:54,0
DA:58,0
DA:63,0
DA:65,0
DA:66,0
DA:68,0
LF:25
LH:0
BRDA:11,0,0,0
BRDA:11,0,1,0
BRDA:26,1,0,0
BRDA:26,1,1,0
BRDA:26,1,2,0
BRDA:32,2,0,0
BRDA:32,2,1,0
BRDA:52,3,0,0
BRDA:52,3,1,0
BRF:9
BRH:0
end_of_record
TN:
SF:src\services\membre.service.ts
FN:5,getTousMembres
FN:16,(anonymous_1)
FN:17,(anonymous_2)
FN:31,changerRole
FN:50,desactiverMembre
FN:59,reactiverMembre
FN:68,supprimerMembre
FN:70,(anonymous_7)
FN:73,(anonymous_8)
FN:87,getResume
FN:98,(anonymous_10)
FN:99,(anonymous_11)
FN:114,relancerMembre
FNF:13
FNH:0
FNDA:0,getTousMembres
FNDA:0,(anonymous_1)
FNDA:0,(anonymous_2)
FNDA:0,changerRole
FNDA:0,desactiverMembre
FNDA:0,reactiverMembre
FNDA:0,supprimerMembre
FNDA:0,(anonymous_7)
FNDA:0,(anonymous_8)
FNDA:0,getResume
FNDA:0,(anonymous_10)
FNDA:0,(anonymous_11)
FNDA:0,relancerMembre
DA:6,0
DA:16,0
DA:17,0
DA:18,0
DA:32,0
DA:33,0
DA:34,0
DA:36,0
DA:41,0
DA:51,0
DA:55,0
DA:60,0
DA:64,0
DA:70,0
DA:72,0
DA:73,0
DA:74,0
DA:75,0
DA:78,0
DA:80,0
DA:82,0
DA:84,0
DA:88,0
DA:91,0
DA:92,0
DA:93,0
DA:95,0
DA:98,0
DA:99,0
DA:100,0
DA:104,0
DA:115,0
DA:116,0
DA:117,0
DA:119,0
DA:124,0
LF:36
LH:0
BRDA:33,0,0,0
BRDA:33,0,1,0
BRDA:74,1,0,0
BRDA:74,1,1,0
BRDA:100,2,0,0
BRDA:100,2,1,0
BRDA:116,3,0,0
BRDA:116,3,1,0
BRF:8
BRH:0
end_of_record
TN:
SF:src\services\paiement.service.ts
FN:11,declarerPaiement
FN:59,validerPaiement
FN:96,rejeterPaiement
FN:125,getPaiementsEnAttente
FNF:4
FNH:0
FNDA:0,declarerPaiement
FNDA:0,validerPaiement
FNDA:0,rejeterPaiement
FNDA:0,getPaiementsEnAttente
DA:8,1
DA:17,0
DA:18,0
DA:22,0
DA:26,0
DA:27,0
DA:29,0
DA:30,0
DA:33,0
DA:34,0
DA:37,0
DA:38,0
DA:42,0
DA:50,0
DA:55,0
DA:60,0
DA:61,0
DA:62,0
DA:64,0
DA:65,0
DA:69,0
DA:71,0
DA:77,0
DA:83,0
DA:84,0
DA:92,0
DA:97,0
DA:98,0
DA:99,0
DA:101,0
DA:102,0
DA:105,0
DA:108,0
DA:112,0
DA:121,0
DA:126,0
LF:36
LH:1
BRDA:17,0,0,0
BRDA:17,0,1,0
BRDA:26,1,0,0
BRDA:26,1,1,0
BRDA:29,2,0,0
BRDA:29,2,1,0
BRDA:33,3,0,0
BRDA:33,3,1,0
BRDA:37,4,0,0
BRDA:37,4,1,0
BRDA:61,5,0,0
BRDA:61,5,1,0
BRDA:64,6,0,0
BRDA:64,6,1,0
BRDA:98,7,0,0
BRDA:98,7,1,0
BRDA:101,8,0,0
BRDA:101,8,1,0
BRF:18
BRH:0
end_of_record
TN:
SF:src\utils\auth.ts
FN:8,hashPassword
FN:13,verifyPassword
FN:21,generateToken
FN:26,verifyToken
FNF:4
FNH:4
FNDA:1,hashPassword
FNDA:3,verifyPassword
FNDA:3,generateToken
FNDA:1,verifyToken
DA:4,1
DA:5,1
DA:9,1
DA:17,3
DA:22,3
DA:27,1
LF:6
LH:6
BRDA:4,0,0,1
BRDA:4,0,1,0
BRDA:5,1,0,1
BRDA:5,1,1,0
BRF:4
BRH:2
end_of_record
TN:
SF:src\utils\cotisation.utils.ts
FN:2,estMoisPasse
FN:13,calculerStatutInitial
FN:22,genererNumeroRecu
FN:31,calculerTotalDu
FN:35,(anonymous_4)
FN:36,(anonymous_5)
FNF:6
FNH:6
FNDA:6,estMoisPasse
FNDA:2,calculerStatutInitial
FNDA:2,genererNumeroRecu
FNDA:2,calculerTotalDu
FNDA:5,(anonymous_4)
FNDA:2,(anonymous_5)
DA:7,6
DA:8,6
DA:9,6
DA:18,2
DA:27,2
DA:34,2
DA:35,5
DA:36,2
LF:8
LH:8
BRDA:5,0,0,0
BRDA:9,1,0,6
BRDA:9,1,1,5
BRDA:9,1,2,5
BRDA:16,2,0,0
BRDA:18,3,0,1
BRDA:18,3,1,1
BRF:7
BRH:5
end_of_record
